2025-07-28 01:14:59,570 - INFO - db.database -  DB: Creating database engine
2025-07-28 01:14:59,716 - DEBUG - logger -  Creating table structures in DB
2025-07-28 01:15:01,058 - INFO - main -  app starting
2025-07-28 01:15:02,251 - INFO - db.database -  DB: Creating database engine
2025-07-28 01:15:02,271 - DEBUG - logger -  Creating table structures in DB
2025-07-28 01:15:02,399 - INFO - main -  app starting
2025-07-28 01:15:44,901 - DEBUG - db.database -  DB: Creating database session
2025-07-28 01:15:44,916 - DEBUG - user -  user service created
2025-07-28 01:15:45,154 - INFO - user -  User registered: aaabbbccc
2025-07-28 01:15:45,155 - DEBUG - db.database -  DB: Closing database session
2025-07-28 01:17:32,571 - DEBUG - db.database -  DB: Creating database session
2025-07-28 01:17:32,574 - ERROR - user -  'UserLogin' object has no attribute 'email'
Traceback (most recent call last):
  File "C:\Users\User\Desktop\projectx\project_zero_be\pz_be_services\routers\v1\user_router.py", line 62, in login
    db_user = register_service.check_user_exists(user)
              ^^^^^^^^^^^^^^^^^^^^^^^^^^^^^^^^^^^^^^^^
  File "C:\Users\User\Desktop\projectx\project_zero_be\pz_be_services\services\user_auth_services\user_register.py", line 17, in check_user_exists
    existing_email = user.get_by_email(self.db, email=user_obj.email)
                                                      ^^^^^^^^^^^^^^
  File "c:\Users\User\Desktop\projectx\project_zero_be\.venv\Lib\site-packages\pydantic\main.py", line 991, in __getattr__
    raise AttributeError(f'{type(self).__name__!r} object has no attribute {item!r}')
AttributeError: 'UserLogin' object has no attribute 'email'
2025-07-28 01:17:32,601 - DEBUG - db.database -  DB: Closing database session
2025-07-28 01:27:12,578 - INFO - db.database -  DB: Creating database engine
2025-07-28 01:27:12,598 - DEBUG - logger -  Creating table structures in DB
2025-07-28 01:27:12,717 - INFO - main -  app starting
2025-07-28 01:27:13,712 - INFO - db.database -  DB: Creating database engine
2025-07-28 01:27:13,732 - DEBUG - logger -  Creating table structures in DB
2025-07-28 01:27:13,862 - INFO - main -  app starting
2025-07-28 01:27:14,787 - INFO - db.database -  DB: Creating database engine
2025-07-28 01:27:14,806 - DEBUG - logger -  Creating table structures in DB
2025-07-28 01:27:14,928 - INFO - main -  app starting
2025-07-28 01:27:41,400 - INFO - db.database -  DB: Creating database engine
2025-07-28 01:27:41,419 - DEBUG - logger -  Creating table structures in DB
2025-07-28 01:27:41,522 - INFO - main -  app starting
2025-07-28 01:27:42,314 - INFO - db.database -  DB: Creating database engine
2025-07-28 01:27:42,334 - DEBUG - logger -  Creating table structures in DB
2025-07-28 01:27:42,451 - INFO - main -  app starting
2025-07-28 01:28:09,935 - DEBUG - db.database -  DB: Creating database session
2025-07-28 01:28:09,942 - DEBUG - user -  user service created
2025-07-28 01:28:10,181 - INFO - user -  User registered: string9000
2025-07-28 01:28:10,181 - DEBUG - db.database -  DB: Closing database session
2025-07-28 01:28:49,164 - DEBUG - db.database -  DB: Creating database session
2025-07-28 01:28:49,165 - ERROR - user -  'UserLogin' object has no attribute 'email'
Traceback (most recent call last):
  File "C:\Users\User\Desktop\projectx\project_zero_be\pz_be_services\routers\v1\user_router.py", line 62, in login
    db_user = register_service.check_user_exists(user)
              ^^^^^^^^^^^^^^^^^^^^^^^^^^^^^^^^^^^^^^^^
  File "C:\Users\User\Desktop\projectx\project_zero_be\pz_be_services\services\user_auth_services\user_register.py", line 20, in check_user_exists
    if user_obj.username and user_obj.email:
                             ^^^^^^^^^^^^^^
  File "c:\Users\User\Desktop\projectx\project_zero_be\.venv\Lib\site-packages\pydantic\main.py", line 991, in __getattr__
    raise AttributeError(f'{type(self).__name__!r} object has no attribute {item!r}')
AttributeError: 'UserLogin' object has no attribute 'email'
2025-07-28 01:28:49,167 - DEBUG - db.database -  DB: Closing database session
2025-07-28 01:47:20,680 - INFO - db.database -  DB: Creating database engine
2025-07-28 01:47:20,725 - DEBUG - logger -  Creating table structures in DB
2025-07-28 01:47:21,020 - INFO - main -  app starting
2025-07-28 01:47:33,061 - DEBUG - db.database -  DB: Creating database session
2025-07-28 01:47:33,092 - DEBUG - db.database -  DB: Closing database session
2025-07-28 01:47:58,762 - DEBUG - db.database -  DB: Creating database session
2025-07-28 01:47:58,784 - DEBUG - user -  user service created
2025-07-28 01:47:59,364 - INFO - user -  User registered: strin888888888888g
2025-07-28 01:47:59,364 - DEBUG - db.database -  DB: Closing database session
2025-07-28 01:49:27,381 - DEBUG - db.database -  DB: Creating database session
2025-07-28 01:49:27,877 - INFO - user -  User logged in: strin888888888888g
2025-07-28 01:49:27,877 - ERROR - user -  Expected a string value
Traceback (most recent call last):
  File "C:\Users\User\Desktop\projectx\project_zero_be\pz_be_services\routers\v1\user_router.py", line 83, in login
    access_token = create_access_token(token_payload)
                   ^^^^^^^^^^^^^^^^^^^^^^^^^^^^^^^^^^
  File "C:\Users\User\Desktop\projectx\project_zero_be\pz_be_services\core\auth.py", line 21, in create_access_token
    token = jwt.encode(payload, SECRET_KEY, algorithm=ALGORITHM)
            ^^^^^^^^^^^^^^^^^^^^^^^^^^^^^^^^^^^^^^^^^^^^^^^^^^^^
  File "c:\Users\User\Desktop\projectx\project_zero_be\.venv\Lib\site-packages\jwt\api_jwt.py", line 78, in encode
    return api_jws.encode(
           ^^^^^^^^^^^^^^^
  File "c:\Users\User\Desktop\projectx\project_zero_be\.venv\Lib\site-packages\jwt\api_jws.py", line 170, in encode
    key = alg_obj.prepare_key(key)
          ^^^^^^^^^^^^^^^^^^^^^^^^
  File "c:\Users\User\Desktop\projectx\project_zero_be\.venv\Lib\site-packages\jwt\algorithms.py", line 256, in prepare_key
    key_bytes = force_bytes(key)
                ^^^^^^^^^^^^^^^^
  File "c:\Users\User\Desktop\projectx\project_zero_be\.venv\Lib\site-packages\jwt\utils.py", line 22, in force_bytes
    raise TypeError("Expected a string value")
TypeError: Expected a string value
2025-07-28 01:49:28,005 - DEBUG - db.database -  DB: Closing database session
2025-07-28 01:57:26,092 - INFO - db.database -  DB: Creating database engine
2025-07-28 01:57:26,142 - DEBUG - logger -  Creating table structures in DB
2025-07-28 01:57:26,467 - INFO - main -  app starting
2025-07-28 02:02:59,840 - INFO - db.database -  DB: Creating database engine
2025-07-28 02:02:59,882 - DEBUG - logger -  Creating table structures in DB
2025-07-28 02:03:00,158 - INFO - main -  app starting
2025-07-28 02:03:02,175 - INFO - db.database -  DB: Creating database engine
2025-07-28 02:03:02,222 - DEBUG - logger -  Creating table structures in DB
2025-07-28 02:03:02,655 - INFO - main -  app starting
2025-07-28 02:03:46,816 - DEBUG - db.database -  DB: Creating database session
2025-07-28 02:03:46,835 - DEBUG - user -  user service created
2025-07-28 02:03:46,867 - ERROR - user -  Email already exists
Traceback (most recent call last):
  File "C:\Users\User\Desktop\projectx\project_zero_be\pz_be_services\routers\v1\user_router.py", line 37, in register
    user = register_service.create_user(user)
           ^^^^^^^^^^^^^^^^^^^^^^^^^^^^^^^^^^
  File "C:\Users\User\Desktop\projectx\project_zero_be\pz_be_services\services\user_auth_services\user_register.py", line 29, in create_user
    new_user = user.create(self.db, obj_in=user_create)
               ^^^^^^^^^^^^^^^^^^^^^^^^^^^^^^^^^^^^^^^^
  File "C:\Users\User\Desktop\projectx\project_zero_be\pz_be_services\db\crud\crud_user.py", line 32, in create
    raise ValueError("Email already exists")
ValueError: Email already exists
2025-07-28 02:03:46,901 - DEBUG - db.database -  DB: Closing database session
2025-07-28 02:04:06,479 - DEBUG - db.database -  DB: Creating database session
2025-07-28 02:04:06,480 - DEBUG - user -  user service created
2025-07-28 02:04:07,061 - INFO - user -  User registered: strin0000000000000000g
2025-07-28 02:04:07,062 - DEBUG - db.database -  DB: Closing database session
2025-07-28 02:05:03,170 - DEBUG - db.database -  DB: Creating database session
2025-07-28 02:05:03,667 - INFO - user -  User logged in: strin0000000000000000g
2025-07-28 02:05:03,667 - ERROR - user -  Expected a string value
Traceback (most recent call last):
  File "C:\Users\User\Desktop\projectx\project_zero_be\pz_be_services\routers\v1\user_router.py", line 83, in login
    access_token = create_access_token(token_payload)
                   ^^^^^^^^^^^^^^^^^^^^^^^^^^^^^^^^^^
  File "C:\Users\User\Desktop\projectx\project_zero_be\pz_be_services\core\auth.py", line 21, in create_access_token
    token = jwt.encode(payload, SECRET_KEY, algorithm=ALGORITHM)
            ^^^^^^^^^^^^^^^^^^^^^^^^^^^^^^^^^^^^^^^^^^^^^^^^^^^^
  File "c:\Users\User\Desktop\projectx\project_zero_be\.venv\Lib\site-packages\jwt\api_jwt.py", line 78, in encode
    return api_jws.encode(
           ^^^^^^^^^^^^^^^
  File "c:\Users\User\Desktop\projectx\project_zero_be\.venv\Lib\site-packages\jwt\api_jws.py", line 170, in encode
    key = alg_obj.prepare_key(key)
          ^^^^^^^^^^^^^^^^^^^^^^^^
  File "c:\Users\User\Desktop\projectx\project_zero_be\.venv\Lib\site-packages\jwt\algorithms.py", line 256, in prepare_key
    key_bytes = force_bytes(key)
                ^^^^^^^^^^^^^^^^
  File "c:\Users\User\Desktop\projectx\project_zero_be\.venv\Lib\site-packages\jwt\utils.py", line 22, in force_bytes
    raise TypeError("Expected a string value")
TypeError: Expected a string value
2025-07-28 02:05:03,673 - DEBUG - db.database -  DB: Closing database session
2025-07-28 02:15:32,077 - INFO - db.database -  DB: Creating database engine
2025-07-28 02:15:32,140 - DEBUG - logger -  Creating table structures in DB
2025-07-28 02:15:32,460 - INFO - main -  app starting
2025-07-28 02:15:33,460 - DEBUG - db.database -  DB: Creating database session
2025-07-28 02:15:33,987 - INFO - user -  User logged in: strin0000000000000000g
2025-07-28 02:15:33,987 - ERROR - user -  Expected a string value
Traceback (most recent call last):
  File "C:\Users\User\Desktop\projectx\project_zero_be\pz_be_services\routers\v1\user_router.py", line 83, in login
    access_token = create_access_token(token_payload)
                   ^^^^^^^^^^^^^^^^^^^^^^^^^^^^^^^^^^
  File "C:\Users\User\Desktop\projectx\project_zero_be\pz_be_services\core\auth.py", line 21, in create_access_token
    token = jwt.encode(payload, SECRET_KEY, algorithm=ALGORITHM)
            ^^^^^^^^^^^^^^^^^^^^^^^^^^^^^^^^^^^^^^^^^^^^^^^^^^^^
  File "c:\Users\User\Desktop\projectx\project_zero_be\.venv\Lib\site-packages\jwt\api_jwt.py", line 78, in encode
    return api_jws.encode(
           ^^^^^^^^^^^^^^^
  File "c:\Users\User\Desktop\projectx\project_zero_be\.venv\Lib\site-packages\jwt\api_jws.py", line 170, in encode
    key = alg_obj.prepare_key(key)
          ^^^^^^^^^^^^^^^^^^^^^^^^
  File "c:\Users\User\Desktop\projectx\project_zero_be\.venv\Lib\site-packages\jwt\algorithms.py", line 256, in prepare_key
    key_bytes = force_bytes(key)
                ^^^^^^^^^^^^^^^^
  File "c:\Users\User\Desktop\projectx\project_zero_be\.venv\Lib\site-packages\jwt\utils.py", line 22, in force_bytes
    raise TypeError("Expected a string value")
TypeError: Expected a string value
2025-07-28 02:15:33,994 - DEBUG - db.database -  DB: Closing database session
2025-07-28 02:16:36,179 - DEBUG - db.database -  DB: Creating database session
2025-07-28 02:16:36,202 - DEBUG - user -  user service created
2025-07-28 02:16:36,752 - INFO - user -  User registered: strinxxxxg
2025-07-28 02:16:36,753 - DEBUG - db.database -  DB: Closing database session
2025-07-28 02:17:28,531 - DEBUG - db.database -  DB: Creating database session
2025-07-28 02:17:29,027 - DEBUG - db.database -  DB: Closing database session
2025-07-28 02:18:08,613 - DEBUG - db.database -  DB: Creating database session
2025-07-28 02:18:09,124 - INFO - user -  User logged in: strinxxxxg
2025-07-28 02:18:09,124 - ERROR - user -  Expected a string value
Traceback (most recent call last):
  File "C:\Users\User\Desktop\projectx\project_zero_be\pz_be_services\routers\v1\user_router.py", line 83, in login
    access_token = create_access_token(token_payload)
                   ^^^^^^^^^^^^^^^^^^^^^^^^^^^^^^^^^^
  File "C:\Users\User\Desktop\projectx\project_zero_be\pz_be_services\core\auth.py", line 21, in create_access_token
    token = jwt.encode(payload, SECRET_KEY, algorithm=ALGORITHM)
            ^^^^^^^^^^^^^^^^^^^^^^^^^^^^^^^^^^^^^^^^^^^^^^^^^^^^
  File "c:\Users\User\Desktop\projectx\project_zero_be\.venv\Lib\site-packages\jwt\api_jwt.py", line 78, in encode
    return api_jws.encode(
           ^^^^^^^^^^^^^^^
  File "c:\Users\User\Desktop\projectx\project_zero_be\.venv\Lib\site-packages\jwt\api_jws.py", line 170, in encode
    key = alg_obj.prepare_key(key)
          ^^^^^^^^^^^^^^^^^^^^^^^^
  File "c:\Users\User\Desktop\projectx\project_zero_be\.venv\Lib\site-packages\jwt\algorithms.py", line 256, in prepare_key
    key_bytes = force_bytes(key)
                ^^^^^^^^^^^^^^^^
  File "c:\Users\User\Desktop\projectx\project_zero_be\.venv\Lib\site-packages\jwt\utils.py", line 22, in force_bytes
    raise TypeError("Expected a string value")
TypeError: Expected a string value
2025-07-28 02:18:09,126 - DEBUG - db.database -  DB: Closing database session
2025-07-28 02:21:34,934 - DEBUG - db.database -  DB: Creating database session
2025-07-28 02:21:34,937 - DEBUG - db.database -  DB: Closing database session
2025-07-28 02:21:51,263 - DEBUG - db.database -  DB: Creating database session
2025-07-28 02:21:51,265 - DEBUG - user -  user service created
2025-07-28 02:21:51,267 - DEBUG - db.database -  DB: Closing database session
2025-07-28 02:22:02,937 - DEBUG - db.database -  DB: Creating database session
2025-07-28 02:22:02,939 - DEBUG - user -  user service created
2025-07-28 02:22:02,941 - DEBUG - db.database -  DB: Closing database session
2025-07-28 02:22:17,640 - DEBUG - db.database -  DB: Creating database session
2025-07-28 02:22:17,646 - DEBUG - db.database -  DB: Closing database session
2025-07-28 02:27:36,995 - INFO - db.database -  DB: Creating database engine
2025-07-28 02:27:37,047 - DEBUG - logger -  Creating table structures in DB
2025-07-28 02:27:37,397 - INFO - main -  app starting
2025-07-28 02:27:48,654 - DEBUG - db.database -  DB: Creating database session
2025-07-28 02:27:48,670 - DEBUG - user -  user service created
2025-07-28 02:27:49,274 - INFO - user -  User registered: strinjjjjjjjjjg
2025-07-28 02:27:49,277 - DEBUG - db.database -  DB: Closing database session
2025-07-28 02:28:19,032 - DEBUG - db.database -  DB: Creating database session
2025-07-28 02:28:19,527 - INFO - user -  User logged in: strinjjjjjjjjjg
2025-07-28 02:28:19,528 - ERROR - user -  Expected a string value
Traceback (most recent call last):
  File "C:\Users\User\Desktop\projectx\project_zero_be\pz_be_services\routers\v1\user_router.py", line 83, in login
    access_token = create_access_token(token_payload)
                   ^^^^^^^^^^^^^^^^^^^^^^^^^^^^^^^^^^
  File "C:\Users\User\Desktop\projectx\project_zero_be\pz_be_services\core\auth.py", line 23, in create_access_token
    token = jwt.encode(payload, SECRET_KEY, algorithm=ALGORITHM)
            ^^^^^^^^^^^^^^^^^^^^^^^^^^^^^^^^^^^^^^^^^^^^^^^^^^^^
  File "c:\Users\User\Desktop\projectx\project_zero_be\.venv\Lib\site-packages\jwt\api_jwt.py", line 78, in encode
    return api_jws.encode(
           ^^^^^^^^^^^^^^^
  File "c:\Users\User\Desktop\projectx\project_zero_be\.venv\Lib\site-packages\jwt\api_jws.py", line 170, in encode
    key = alg_obj.prepare_key(key)
          ^^^^^^^^^^^^^^^^^^^^^^^^
  File "c:\Users\User\Desktop\projectx\project_zero_be\.venv\Lib\site-packages\jwt\algorithms.py", line 256, in prepare_key
    key_bytes = force_bytes(key)
                ^^^^^^^^^^^^^^^^
  File "c:\Users\User\Desktop\projectx\project_zero_be\.venv\Lib\site-packages\jwt\utils.py", line 22, in force_bytes
    raise TypeError("Expected a string value")
TypeError: Expected a string value
2025-07-28 02:28:19,534 - DEBUG - db.database -  DB: Closing database session
2025-07-28 02:38:56,893 - INFO - db.database -  DB: Creating database engine
2025-07-28 02:38:56,942 - DEBUG - logger -  Creating table structures in DB
2025-07-28 02:39:25,468 - INFO - db.database -  DB: Creating database engine
2025-07-28 02:39:25,515 - DEBUG - logger -  Creating table structures in DB
2025-07-28 02:39:25,844 - INFO - main -  app starting
2025-07-28 02:43:54,857 - INFO - db.database -  DB: Creating database engine
2025-07-28 02:43:54,910 - DEBUG - logger -  Creating table structures in DB
2025-07-28 02:43:55,359 - INFO - main -  app starting
2025-07-28 02:43:57,727 - INFO - db.database -  DB: Creating database engine
2025-07-28 02:43:57,781 - DEBUG - logger -  Creating table structures in DB
2025-07-28 02:43:58,096 - INFO - main -  app starting
2025-07-28 02:44:27,402 - INFO - db.database -  DB: Creating database engine
2025-07-28 02:44:27,450 - DEBUG - logger -  Creating table structures in DB
2025-07-28 02:44:27,772 - INFO - db.database -  DB: Creating database engine
2025-07-28 02:44:27,821 - INFO - main -  app starting
2025-07-28 02:44:27,830 - DEBUG - logger -  Creating table structures in DB
2025-07-28 02:44:28,162 - INFO - main -  app starting
2025-07-28 02:47:39,676 - INFO - db.database -  DB: Creating database engine
2025-07-28 02:47:39,723 - DEBUG - logger -  Creating table structures in DB
2025-07-28 02:47:40,072 - INFO - main -  app starting
2025-07-28 02:47:56,895 - INFO - db.database -  DB: Creating database engine
2025-07-28 02:47:56,941 - DEBUG - logger -  Creating table structures in DB
2025-07-28 02:47:57,238 - INFO - main -  app starting
2025-07-28 02:48:01,451 - INFO - db.database -  DB: Creating database engine
2025-07-28 02:48:01,495 - DEBUG - logger -  Creating table structures in DB
2025-07-28 02:48:01,742 - INFO - main -  app starting
2025-07-28 02:48:03,761 - INFO - db.database -  DB: Creating database engine
2025-07-28 02:48:03,807 - DEBUG - logger -  Creating table structures in DB
2025-07-28 02:48:04,099 - INFO - main -  app starting
2025-07-28 02:58:12,481 - INFO - db.database -  DB: Creating database engine
2025-07-28 02:58:12,481 - INFO - db.database -  DB: Creating database engine
2025-07-28 02:58:12,530 - DEBUG - logger -  Creating table structures in DB
2025-07-28 02:58:12,531 - DEBUG - logger -  Creating table structures in DB
2025-07-28 02:58:12,851 - INFO - main -  app starting
2025-07-28 02:58:12,862 - INFO - main -  app starting
2025-07-28 02:58:32,075 - INFO - db.database -  DB: Creating database engine
2025-07-28 02:58:32,125 - DEBUG - logger -  Creating table structures in DB
2025-07-28 02:58:32,361 - INFO - main -  app starting
2025-07-28 02:58:34,353 - INFO - db.database -  DB: Creating database engine
2025-07-28 02:58:34,400 - DEBUG - logger -  Creating table structures in DB
2025-07-28 02:58:34,696 - INFO - main -  app starting
2025-07-28 03:00:42,136 - INFO - db.database -  DB: Creating database engine
2025-07-28 03:00:42,186 - DEBUG - logger -  Creating table structures in DB
2025-07-28 03:00:42,463 - INFO - main -  app starting
2025-07-28 03:00:44,711 - INFO - db.database -  DB: Creating database engine
2025-07-28 03:00:44,764 - DEBUG - logger -  Creating table structures in DB
2025-07-28 03:00:45,080 - INFO - main -  app starting
2025-07-28 03:02:14,045 - INFO - db.database -  DB: Creating database engine
2025-07-28 03:02:14,092 - DEBUG - logger -  Creating table structures in DB
2025-07-28 03:02:14,437 - INFO - main -  app starting
2025-07-28 03:02:23,245 - INFO - db.database -  DB: Creating database engine
2025-07-28 03:02:23,298 - DEBUG - logger -  Creating table structures in DB
2025-07-28 03:02:23,572 - INFO - main -  app starting
2025-07-28 03:02:25,675 - INFO - db.database -  DB: Creating database engine
2025-07-28 03:02:25,720 - DEBUG - logger -  Creating table structures in DB
2025-07-28 03:02:26,000 - INFO - main -  app starting
2025-07-28 03:03:38,650 - INFO - db.database -  DB: Creating database engine
2025-07-28 03:03:38,695 - DEBUG - logger -  Creating table structures in DB
2025-07-28 03:03:38,970 - INFO - main -  app starting
2025-07-28 03:04:13,685 - INFO - db.database -  DB: Creating database engine
2025-07-28 03:04:13,733 - DEBUG - logger -  Creating table structures in DB
2025-07-28 03:04:14,045 - INFO - main -  app starting
2025-07-28 03:04:21,482 - INFO - db.database -  DB: Creating database engine
2025-07-28 03:04:21,530 - DEBUG - logger -  Creating table structures in DB
2025-07-28 03:04:21,924 - INFO - main -  app starting
2025-07-28 03:04:24,017 - INFO - db.database -  DB: Creating database engine
2025-07-28 03:04:24,072 - DEBUG - logger -  Creating table structures in DB
2025-07-28 03:04:24,391 - INFO - main -  app starting
2025-07-28 03:04:51,611 - INFO - db.database -  DB: Creating database engine
2025-07-28 03:04:51,659 - DEBUG - logger -  Creating table structures in DB
2025-07-28 03:04:52,108 - INFO - main -  app starting
2025-07-28 03:05:16,867 - DEBUG - db.database -  DB: Creating database session
2025-07-28 03:05:16,884 - DEBUG - user -  user service created
2025-07-28 03:05:16,912 - ERROR - user -  Email already exists
Traceback (most recent call last):
  File "C:\Users\User\Desktop\projectx\project_zero_be\pz_be_services\routers\v1\user_router.py", line 46, in register
    user = register_service.create_user(user)
           ^^^^^^^^^^^^^^^^^^^^^^^^^^^^^^^^^^
  File "C:\Users\User\Desktop\projectx\project_zero_be\pz_be_services\services\user_auth_services\user_register.py", line 29, in create_user
    new_user = user.create(self.db, obj_in=user_create)
               ^^^^^^^^^^^^^^^^^^^^^^^^^^^^^^^^^^^^^^^^
  File "C:\Users\User\Desktop\projectx\project_zero_be\pz_be_services\db\crud\crud_user.py", line 32, in create
    raise ValueError("Email already exists")
ValueError: Email already exists
2025-07-28 03:05:16,916 - DEBUG - db.database -  DB: Closing database session
2025-07-28 03:05:28,054 - DEBUG - db.database -  DB: Creating database session
2025-07-28 03:05:28,056 - DEBUG - user -  user service created
2025-07-28 03:05:28,641 - INFO - user -  User registered: str0987ing
2025-07-28 03:05:28,642 - DEBUG - db.database -  DB: Closing database session
2025-07-28 03:05:55,616 - DEBUG - db.database -  DB: Creating database session
2025-07-28 03:05:56,129 - INFO - user -  User logged in: str0987ing
2025-07-28 03:05:56,131 - DEBUG - db.database -  DB: Closing database session
2025-07-28 03:09:33,236 - INFO - db.database -  DB: Creating database engine
2025-07-28 03:09:33,300 - DEBUG - logger -  Creating table structures in DB
2025-07-28 03:09:33,672 - INFO - main -  app starting
2025-07-28 03:20:13,287 - INFO - db.database -  DB: Creating database engine
2025-07-28 03:20:13,308 - DEBUG - logger -  Creating table structures in DB
2025-07-28 03:20:13,461 - INFO - main -  app starting
2025-07-28 03:21:56,183 - INFO - db.database -  DB: Creating database engine
2025-07-28 03:21:56,218 - DEBUG - logger -  Creating table structures in DB
2025-07-28 03:21:56,415 - INFO - main -  app starting
2025-07-28 03:24:06,396 - INFO - db.database -  DB: Creating database engine
2025-07-28 03:24:06,427 - DEBUG - logger -  Creating table structures in DB
2025-07-28 03:24:06,590 - INFO - main -  app starting
